<?xml version="1.0" encoding="UTF-8"?>
<!-- Generated by org.testng.reporters.JUnitReportReporter -->
<testsuite skipped="0" hostname="GISBIZ-LTP-85" name="reportsTestday6.CreateLead" tests="3" failures="0" timestamp="12 Aug 2018 05:55:44 GMT" time="57.200" errors="0">
  <testcase name="createLead" time="18.791" classname="reportsTestday6.CreateLead"/>
  <testcase name="createLead" time="19.952" classname="reportsTestday6.CreateLead"/>
  <testcase name="createLead" time="18.457" classname="reportsTestday6.CreateLead"/>
</testsuite> <!-- reportsTestday6.CreateLead -->
