<?xml version="1.0" encoding="UTF-8"?>
<!-- Generated by org.testng.reporters.JUnitReportReporter -->
<testsuite skipped="0" hostname="GISBIZ-LTP-85" name="reportsTestday6.CreateLead" tests="3" failures="0" timestamp="11 Aug 2018 10:49:37 GMT" time="44.997" errors="0">
  <testcase name="createLead" time="17.960" classname="reportsTestday6.CreateLead"/>
  <testcase name="createLead" time="13.641" classname="reportsTestday6.CreateLead"/>
  <testcase name="createLead" time="13.396" classname="reportsTestday6.CreateLead"/>
</testsuite> <!-- reportsTestday6.CreateLead -->
