<?xml version="1.0" encoding="UTF-8"?>
<!-- Generated by org.testng.reporters.JUnitReportReporter -->
<testsuite skipped="0" hostname="GISBIZ-LTP-85" name="reportsTestday6.EditLead" tests="1" failures="0" timestamp="11 Aug 2018 10:49:37 GMT" time="22.090" errors="0">
  <testcase name="EditLeadTest" time="22.090" classname="reportsTestday6.EditLead"/>
</testsuite> <!-- reportsTestday6.EditLead -->
